{"name": "test_incorrect_register_null_first_name", "status": "failed", "statusDetails": {"message": "AssertionError: assert 'זהו שדה חובה.' == ''\n  + זהו שדה חובה.", "trace": "self = <Test.testRegister.TestLogin object at 0x0000026132511AE0>\n\n    def test_incorrect_register_null_first_name(self):\n        driver = self.driver\n        register = RegisterPage(driver)\n        register.enter_f_name('')\n        register.enter_lastname('Gasasa')\n        register.enter_email('Gasasa255@gmail.com')\n        register.enter_password('123456')\n        register.enter_age('28')\n        register.enter_pic('dad1b51e-fa16-4f21-bdd4-9f027ad7d9bf.jpg')\n        register.click_register()\n        valid = driver.find_element_by_xpath(Registerlocator.first_name).get_attribute(\"validationMessage\")\n    \n        try:\n>           assert valid == ''\nE           AssertionError: assert 'זהו שדה חובה.' == ''\nE             + זהו שדה חובה.\n\ntestRegister.py:45: AssertionError"}, "steps": [{"name": "enter_f_name", "status": "passed", "parameters": [{"name": "first_name", "value": "''"}], "start": 1652607126795, "stop": 1652607126917}, {"name": "enter_lastname", "status": "passed", "parameters": [{"name": "last_name", "value": "'Gasasa'"}], "start": 1652607126917, "stop": 1652607127012}, {"name": "enter_email", "status": "passed", "parameters": [{"name": "email", "value": "'Gasasa255@gmail.com'"}], "start": 1652607127013, "stop": 1652607127180}, {"name": "enter_password", "status": "passed", "parameters": [{"name": "password", "value": "'123456'"}], "start": 1652607127180, "stop": 1652607127315}, {"name": "enter_age", "status": "passed", "parameters": [{"name": "age", "value": "'28'"}], "start": 1652607127316, "stop": 1652607127438}, {"name": "enter_pic", "status": "passed", "parameters": [{"name": "pic", "value": "'dad1b51e-fa16-4f21-bdd4-9f027ad7d9bf.jpg'"}], "start": 1652607127439, "stop": 1652607127620}, {"name": "click_register", "status": "passed", "start": 1652607127621, "stop": 1652607127740}], "attachments": [{"name": "stdout", "source": "0002d88c-4476-445b-b2ea-b69154373f6a-attachment.txt", "type": "text/plain"}], "start": 1652607126794, "stop": 1652607127791, "uuid": "b366d96c-900d-4611-aa3c-abade0df40f6", "historyId": "d7d9b0fea01939d293e6e5446b57827c", "testCaseId": "0bb3c7989a2e169cc663e0f9504f7609", "fullName": "testRegister.TestLogin#test_incorrect_register_null_first_name", "labels": [{"name": "tag", "value": "@pytest.mark.usefixtures('set_up')"}, {"name": "suite", "value": "testRegister"}, {"name": "subSuite", "value": "TestLogin"}, {"name": "host", "value": "WINDOWS-L0RHJGT"}, {"name": "thread", "value": "24912-MainThread"}, {"name": "framework", "value": "pytest"}, {"name": "language", "value": "cpython3"}, {"name": "package", "value": "testRegister"}]}